D:\WORKSPACE\CUDA\MATH\CUDAGAUS\X64\RELEASE\MAIN.OBJ
D:\WORKSPACE\CUDA\MATH\CUDAGAUS\X64\RELEASE\MATRIX.OBJ
D:\WORKSPACE\CUDA\MATH\CUDAGAUS\X64\RELEASE\HOSTGAUSS.OBJ
D:\WORKSPACE\CUDA\MATH\CUDAGAUS\X64\RELEASE\CUDA_DEF.OBJ
D:\WORKSPACE\CUDA\MATH\CUDAGAUS\X64\RELEASE\VC110.PDB
D:\WORKSPACE\CUDA\MATH\X64\RELEASE\CUDAGAUSS.EXE
D:\WORKSPACE\CUDA\MATH\X64\RELEASE\CUDAGAUSS.PDB
D:\workspace\cuda\math\cudaGaus\x64\Release\GlobalGauss2D.cu.cache
D:\workspace\cuda\math\cudaGaus\x64\Release\GlobalGauss3D.cu.cache
D:\workspace\cuda\math\cudaGaus\x64\Release\LegacyGauss2D.cu.cache
D:\workspace\cuda\math\cudaGaus\x64\Release\TextureGauss2D.cu.cache
D:\workspace\cuda\math\cudaGaus\x64\Release\vectorSum.cu.cache
D:\workspace\cuda\math\cudaGaus\x64\Release\cuda_def.obj
D:\workspace\cuda\math\cudaGaus\x64\Release\GlobalGauss2D.cu.obj
D:\workspace\cuda\math\cudaGaus\x64\Release\GlobalGauss3D.cu.obj
D:\workspace\cuda\math\cudaGaus\x64\Release\hostGauss.obj
D:\workspace\cuda\math\cudaGaus\x64\Release\LegacyGauss2D.cu.obj
D:\workspace\cuda\math\cudaGaus\x64\Release\main.obj
D:\workspace\cuda\math\cudaGaus\x64\Release\matrix.obj
D:\workspace\cuda\math\cudaGaus\x64\Release\TextureGauss2D.cu.obj
D:\workspace\cuda\math\cudaGaus\x64\Release\vectorSum.cu.obj
D:\workspace\cuda\math\cudaGaus\x64\Release\cl.command.1.tlog
D:\workspace\cuda\math\cudaGaus\x64\Release\CL.read.1.tlog
D:\workspace\cuda\math\cudaGaus\x64\Release\CL.write.1.tlog
D:\workspace\cuda\math\cudaGaus\x64\Release\link-cvtres.read.1.tlog
D:\workspace\cuda\math\cudaGaus\x64\Release\link-cvtres.write.1.tlog
D:\workspace\cuda\math\cudaGaus\x64\Release\link-rc.read.1.tlog
D:\workspace\cuda\math\cudaGaus\x64\Release\link-rc.write.1.tlog
D:\workspace\cuda\math\cudaGaus\x64\Release\link.command.1.tlog
D:\workspace\cuda\math\cudaGaus\x64\Release\link.read.1.tlog
D:\workspace\cuda\math\cudaGaus\x64\Release\link.write.1.tlog
D:\workspace\cuda\math\cudaGaus\x64\Release\vc110.pdb
D:\workspace\cuda\math\x64\Release\cudaGauss.pdb
D:\workspace\cuda\math\x64\Release\cudaGauss.exe
